<?xml version="1.0" encoding="UTF-8"?>
<testng-results skipped="0" failed="0" ignored="0" total="1" passed="1">
  <reporter-output>
  </reporter-output>
  <suite name="Suite" duration-ms="42743" started-at="2018-10-11T05:16:47Z" finished-at="2018-10-11T05:17:30Z">
    <groups>
    </groups>
    <test name="Test" duration-ms="42743" started-at="2018-10-11T05:16:47Z" finished-at="2018-10-11T05:17:30Z">
      <class name="Test.testFlightPageLoad">
        <test-method status="PASS" signature="clearTripFlightPage()[pri:0, instance:Test.testFlightPageLoad@7ac7a4e4]" name="clearTripFlightPage" duration-ms="39595" started-at="2018-10-11T05:16:47Z" finished-at="2018-10-11T05:17:27Z">
          <reporter-output>
          </reporter-output>
        </test-method> <!-- clearTripFlightPage -->
        <test-method status="PASS" signature="screenShotToPDF()[pri:0, instance:Test.testFlightPageLoad@7ac7a4e4]" name="screenShotToPDF" is-config="true" duration-ms="2948" started-at="2018-10-11T05:17:27Z" finished-at="2018-10-11T05:17:30Z">
          <reporter-output>
          </reporter-output>
        </test-method> <!-- screenShotToPDF -->
      </class> <!-- Test.testFlightPageLoad -->
    </test> <!-- Test -->
  </suite> <!-- Suite -->
</testng-results>
